<?xml version="1.0" encoding="UTF-8"?>
<testng-results ignored="0" total="2" passed="2" failed="0" skipped="0">
  <reporter-output>
  </reporter-output>
  <suite started-at="2023-05-22T19:34:03 EET" name="Default suite" finished-at="2023-05-22T19:34:07 EET" duration-ms="3757">
    <groups>
    </groups>
    <test started-at="2023-05-22T19:34:03 EET" name="Default test" finished-at="2023-05-22T19:34:07 EET" duration-ms="3757">
      <class name="test.Test1">
        <test-method is-config="true" signature="myBeforetest()[pri:0, instance:test.Test1@4dd94a58]" started-at="2023-05-22T19:34:03 EET" name="myBeforetest" finished-at="2023-05-22T19:34:06 EET" duration-ms="3119" status="PASS">
          <reporter-output>
          </reporter-output>
        </test-method> <!-- myBeforetest -->
        <test-method signature="high_to_low()[pri:0, instance:test.Test1@4dd94a58]" started-at="2023-05-22T19:34:06 EET" name="high_to_low" finished-at="2023-05-22T19:34:07 EET" duration-ms="324" status="PASS">
          <reporter-output>
          </reporter-output>
        </test-method> <!-- high_to_low -->
        <test-method signature="low_to_high()[pri:0, instance:test.Test1@4dd94a58]" started-at="2023-05-22T19:34:07 EET" name="low_to_high" finished-at="2023-05-22T19:34:07 EET" duration-ms="274" status="PASS">
          <reporter-output>
          </reporter-output>
        </test-method> <!-- low_to_high -->
        <test-method is-config="true" signature="AfterTest()[pri:0, instance:test.Test1@4dd94a58]" started-at="2023-05-22T19:34:07 EET" name="AfterTest" finished-at="2023-05-22T19:34:07 EET" duration-ms="0" status="PASS">
          <reporter-output>
          </reporter-output>
        </test-method> <!-- AfterTest -->
      </class> <!-- test.Test1 -->
    </test> <!-- Default test -->
  </suite> <!-- Default suite -->
</testng-results>
